<?xml version="1.0" encoding="UTF-8"?>
<testng-results skipped="0" failed="0" ignored="0" total="1" passed="1">
  <reporter-output>
  </reporter-output>
  <suite name="Default suite" duration-ms="40110" started-at="2019-12-12T16:38:09Z" finished-at="2019-12-12T16:38:49Z">
    <groups>
    </groups>
    <test name="Default test" duration-ms="40110" started-at="2019-12-12T16:38:09Z" finished-at="2019-12-12T16:38:49Z">
      <class name="TestCases.LoginApplicationPF">
        <test-method status="PASS" signature="Login()[pri:0, instance:TestCases.LoginApplicationPF@2a5ca609]" name="Login" duration-ms="40052" started-at="2019-12-12T16:38:09Z" finished-at="2019-12-12T16:38:49Z">
          <reporter-output>
          </reporter-output>
        </test-method> <!-- Login -->
      </class> <!-- TestCases.LoginApplicationPF -->
    </test> <!-- Default test -->
  </suite> <!-- Default suite -->
</testng-results>
